Arguments: 
  C:\Program Files\nodejs\node.exe C:\Users\Administrator\AppData\Roaming\npm\node_modules\yarn\bin\yarn.js init

PATH: 
  C:\Users\Administrator\bin;F:\软件安装\Git\mingw64\bin;F:\软件安装\Git\usr\local\bin;F:\软件安装\Git\usr\bin;F:\软件安装\Git\usr\bin;F:\软件安装\Git\mingw64\bin;F:\软件安装\Git\usr\bin;C:\Users\Administrator\bin;C:\WINDOWS\system32;C:\WINDOWS;C:\WINDOWS\System32\Wbem;C:\WINDOWS\System32\WindowsPowerShell\v1.0;C:\WINDOWS\System32\OpenSSH;F:\软件安装\Git\cmd;C:\Users\Administrator\AppData\Roaming\nvm;C:\Program Files\nodejs;C:\Program Files\nodejs;F:\软件安装;D:\360安全浏览器下载\微信web开发者工具\dll;C:\Users\Administrator\AppData\Local\Microsoft\WindowsApps;C:\Users\Administrator\AppData\Roaming\nvm;C:\Program Files\nodejs;F:\软件安装\Microsoft VS Code\bin;C:\Users\Administrator\AppData\Roaming\npm;F:\软件安装\Git\usr\bin\vendor_perl;F:\软件安装\Git\usr\bin\core_perl

Yarn version: 
  1.22.11

Node version: 
  12.4.0

Platform: 
  win32 x64

Trace: 
  Error: Can't answer a question unless a user TTY
      at ConsoleReporter.question (C:\Users\Administrator\AppData\Roaming\npm\node_modules\yarn\lib\cli.js:96815:59)
      at Object.<anonymous> (C:\Users\Administrator\AppData\Roaming\npm\node_modules\yarn\lib\cli.js:89088:38)
      at Generator.next (<anonymous>)
      at step (C:\Users\Administrator\AppData\Roaming\npm\node_modules\yarn\lib\cli.js:310:30)
      at C:\Users\Administrator\AppData\Roaming\npm\node_modules\yarn\lib\cli.js:321:13
      at processTicksAndRejections (internal/process/task_queues.js:89:5)

npm manifest: 
  No manifest

yarn manifest: 
  No manifest

Lockfile: 
  No lockfile
